{
  message: 'Database connect successfully ',
  level: 'info',
  label: 'phu!',
  timestamp: '2023-06-12T02:01:38.665Z'
}
{
  message: 'Example app listening on port 5000',
  level: 'info',
  label: 'phu!',
  timestamp: '2023-06-12T02:01:38.673Z'
}
{
  message: 'Database connect successfully ',
  level: 'info',
  label: 'phu!',
  timestamp: '2023-06-12T02:09:06.662Z'
}
{
  message: 'Example app listening on port 5000',
  level: 'info',
  label: 'phu!',
  timestamp: '2023-06-12T02:09:06.673Z'
}
{
  message: 'Database connect successfully ',
  level: 'info',
  label: 'phu!',
  timestamp: '2023-06-12T02:10:03.645Z'
}
{
  message: 'Example app listening on port 5000',
  level: 'info',
  label: 'phu!',
  timestamp: '2023-06-12T02:10:03.653Z'
}
{
  message: 'Database connect successfully ',
  level: 'info',
  label: 'phu!',
  timestamp: '2023-06-12T02:18:04.529Z'
}
{
  message: 'Example app listening on port 5000',
  level: 'info',
  label: 'phu!',
  timestamp: '2023-06-12T02:18:04.538Z'
}
{
  message: 'Database connect successfully ',
  level: 'info',
  label: 'phu!',
  timestamp: '2023-06-12T02:18:45.264Z'
}
{
  message: 'Example app listening on port 5000',
  level: 'info',
  label: 'phu!',
  timestamp: '2023-06-12T02:18:45.272Z'
}
{
  message: 'Database connect successfully ',
  level: 'info',
  label: 'phu!',
  timestamp: '2023-06-12T02:26:36.475Z'
}
{
  message: 'Example app listening on port 5000',
  level: 'info',
  label: 'phu!',
  timestamp: '2023-06-12T02:26:36.484Z'
}
{
  message: 'Database connect successfully ',
  level: 'info',
  label: 'phu!',
  timestamp: '2023-06-12T02:29:08.504Z'
}
{
  message: 'Example app listening on port 5000',
  level: 'info',
  label: 'phu!',
  timestamp: '2023-06-12T02:29:08.515Z'
}
