{
  message: 'Database connect successfully ',
  level: 'info',
  label: 'right meow!',
  timestamp: '2023-06-11T15:05:23.919Z'
}
{
  message: 'Example app listening on port 5000',
  level: 'info',
  label: 'right meow!',
  timestamp: '2023-06-11T15:05:23.930Z'
}
{
  message: 'Database connect successfully ',
  level: 'info',
  label: 'phu!',
  timestamp: '2023-06-11T15:09:10.982Z'
}
{
  message: 'Example app listening on port 5000',
  level: 'info',
  label: 'phu!',
  timestamp: '2023-06-11T15:09:10.992Z'
}
{
  message: 'Database connect successfully ',
  level: 'info',
  label: 'phu!',
  timestamp: '2023-06-11T15:23:35.587Z'
}
{
  message: 'Example app listening on port 5000',
  level: 'info',
  label: 'phu!',
  timestamp: '2023-06-11T15:23:35.596Z'
}
