{
  message: 'Database connect successfully ',
  level: 'info',
  label: 'phu!',
  timestamp: '2023-06-13T16:14:34.307Z'
}
{
  message: 'Example app listening on port 5000',
  level: 'info',
  label: 'phu!',
  timestamp: '2023-06-13T16:14:34.316Z'
}
{
  message: 'Database connect successfully ',
  level: 'info',
  label: 'phu!',
  timestamp: '2023-06-13T16:20:37.764Z'
}
{
  message: 'Example app listening on port 5000',
  level: 'info',
  label: 'phu!',
  timestamp: '2023-06-13T16:20:37.774Z'
}
{
  message: 'Database connect successfully ',
  level: 'info',
  label: 'phu!',
  timestamp: '2023-06-13T16:21:58.502Z'
}
{
  message: 'Example app listening on port 5000',
  level: 'info',
  label: 'phu!',
  timestamp: '2023-06-13T16:21:58.513Z'
}
{
  message: 'Database connect successfully ',
  level: 'info',
  label: 'phu!',
  timestamp: '2023-06-13T16:28:14.912Z'
}
{
  message: 'Example app listening on port 5000',
  level: 'info',
  label: 'phu!',
  timestamp: '2023-06-13T16:28:14.920Z'
}
{
  message: 'Database connect successfully ',
  level: 'info',
  label: 'phu!',
  timestamp: '2023-06-13T16:29:03.361Z'
}
{
  message: 'Example app listening on port 5000',
  level: 'info',
  label: 'phu!',
  timestamp: '2023-06-13T16:29:03.371Z'
}
{
  message: 'Database connect successfully ',
  level: 'info',
  label: 'phu!',
  timestamp: '2023-06-13T16:29:49.526Z'
}
{
  message: 'Example app listening on port 5000',
  level: 'info',
  label: 'phu!',
  timestamp: '2023-06-13T16:29:49.537Z'
}
{
  message: 'Database connect successfully ',
  level: 'info',
  label: 'phu!',
  timestamp: '2023-06-13T16:32:22.254Z'
}
{
  message: 'Example app listening on port 5000',
  level: 'info',
  label: 'phu!',
  timestamp: '2023-06-13T16:32:22.265Z'
}
{
  message: 'Database connect successfully ',
  level: 'info',
  label: 'phu!',
  timestamp: '2023-06-13T16:33:12.425Z'
}
{
  message: 'Example app listening on port 5000',
  level: 'info',
  label: 'phu!',
  timestamp: '2023-06-13T16:33:12.433Z'
}
{
  message: 'Database connect successfully ',
  level: 'info',
  label: 'phu!',
  timestamp: '2023-06-13T16:37:12.642Z'
}
{
  message: 'Example app listening on port 5000',
  level: 'info',
  label: 'phu!',
  timestamp: '2023-06-13T16:37:12.653Z'
}
{
  message: 'Database connect successfully ',
  level: 'info',
  label: 'phu!',
  timestamp: '2023-06-13T16:37:55.094Z'
}
{
  message: 'Example app listening on port 5000',
  level: 'info',
  label: 'phu!',
  timestamp: '2023-06-13T16:37:55.106Z'
}
