{
  message: 'Database connect successfully ',
  level: 'info',
  label: 'phu!',
  timestamp: '2023-06-14T02:15:50.018Z'
}
{
  message: 'Example app listening on port 5000',
  level: 'info',
  label: 'phu!',
  timestamp: '2023-06-14T02:15:50.376Z'
}
{
  message: 'Database connect successfully ',
  level: 'info',
  label: 'phu!',
  timestamp: '2023-06-14T02:16:50.014Z'
}
{
  message: 'Example app listening on port 5000',
  level: 'info',
  label: 'phu!',
  timestamp: '2023-06-14T02:16:50.025Z'
}
{
  message: 'Database connect successfully ',
  level: 'info',
  label: 'phu!',
  timestamp: '2023-06-14T02:17:15.202Z'
}
{
  message: 'Example app listening on port 5000',
  level: 'info',
  label: 'phu!',
  timestamp: '2023-06-14T02:17:15.211Z'
}
{
  message: 'Database connect successfully ',
  level: 'info',
  label: 'phu!',
  timestamp: '2023-06-14T02:17:38.438Z'
}
{
  message: 'Example app listening on port 5000',
  level: 'info',
  label: 'phu!',
  timestamp: '2023-06-14T02:17:38.448Z'
}
{
  message: 'Database connect successfully ',
  level: 'info',
  label: 'phu!',
  timestamp: '2023-06-14T02:18:34.368Z'
}
{
  message: 'Example app listening on port 5000',
  level: 'info',
  label: 'phu!',
  timestamp: '2023-06-14T02:18:34.380Z'
}
{
  message: 'Database connect successfully ',
  level: 'info',
  label: 'phu!',
  timestamp: '2023-06-14T02:27:10.902Z'
}
{
  message: 'Example app listening on port 5000',
  level: 'info',
  label: 'phu!',
  timestamp: '2023-06-14T02:27:10.912Z'
}
{
  message: 'Database connect successfully ',
  level: 'info',
  label: 'phu!',
  timestamp: '2023-06-14T02:29:29.277Z'
}
{
  message: 'Example app listening on port 5000',
  level: 'info',
  label: 'phu!',
  timestamp: '2023-06-14T02:29:29.286Z'
}
{
  message: 'Database connect successfully ',
  level: 'info',
  label: 'phu!',
  timestamp: '2023-06-14T02:45:25.379Z'
}
{
  message: 'Example app listening on port 5000',
  level: 'info',
  label: 'phu!',
  timestamp: '2023-06-14T02:45:25.390Z'
}
{
  message: 'Database connect successfully ',
  level: 'info',
  label: 'phu!',
  timestamp: '2023-06-14T02:54:47.189Z'
}
{
  message: 'Example app listening on port 5000',
  level: 'info',
  label: 'phu!',
  timestamp: '2023-06-14T02:54:47.200Z'
}
{
  message: 'Database connect successfully ',
  level: 'info',
  label: 'phu!',
  timestamp: '2023-06-14T02:54:59.394Z'
}
{
  message: 'Example app listening on port 5000',
  level: 'info',
  label: 'phu!',
  timestamp: '2023-06-14T02:54:59.403Z'
}
