{
  message: 'Database connect successfully ',
  level: 'info',
  label: 'phu!',
  timestamp: '2023-06-14T18:09:36.738Z'
}
{
  message: 'Example app listening on port 5000',
  level: 'info',
  label: 'phu!',
  timestamp: '2023-06-14T18:09:36.750Z'
}
{
  message: 'Database connect successfully ',
  level: 'info',
  label: 'phu!',
  timestamp: '2023-06-14T18:10:34.795Z'
}
{
  message: 'Example app listening on port 5000',
  level: 'info',
  label: 'phu!',
  timestamp: '2023-06-14T18:10:34.807Z'
}
{
  message: 'Database connect successfully ',
  level: 'info',
  label: 'phu!',
  timestamp: '2023-06-14T18:15:33.600Z'
}
{
  message: 'Example app listening on port 5000',
  level: 'info',
  label: 'phu!',
  timestamp: '2023-06-14T18:15:33.610Z'
}
{
  message: 'Database connect successfully ',
  level: 'info',
  label: 'phu!',
  timestamp: '2023-06-14T18:16:00.983Z'
}
{
  message: 'Example app listening on port 5000',
  level: 'info',
  label: 'phu!',
  timestamp: '2023-06-14T18:16:00.993Z'
}
{
  message: 'Database connect successfully ',
  level: 'info',
  label: 'phu!',
  timestamp: '2023-06-14T18:18:11.303Z'
}
{
  message: 'Example app listening on port 5000',
  level: 'info',
  label: 'phu!',
  timestamp: '2023-06-14T18:18:11.317Z'
}
{
  message: 'Database connect successfully ',
  level: 'info',
  label: 'phu!',
  timestamp: '2023-06-14T18:18:27.840Z'
}
{
  message: 'Example app listening on port 5000',
  level: 'info',
  label: 'phu!',
  timestamp: '2023-06-14T18:18:27.851Z'
}
{
  message: 'Database connect successfully ',
  level: 'info',
  label: 'phu!',
  timestamp: '2023-06-14T18:24:35.662Z'
}
{
  message: 'Example app listening on port 5000',
  level: 'info',
  label: 'phu!',
  timestamp: '2023-06-14T18:24:35.673Z'
}
{
  message: 'Database connect successfully ',
  level: 'info',
  label: 'phu!',
  timestamp: '2023-06-14T18:24:46.577Z'
}
{
  message: 'Example app listening on port 5000',
  level: 'info',
  label: 'phu!',
  timestamp: '2023-06-14T18:24:46.590Z'
}
{
  message: 'Database connect successfully ',
  level: 'info',
  label: 'phu!',
  timestamp: '2023-06-14T18:28:39.069Z'
}
{
  message: 'Example app listening on port 5000',
  level: 'info',
  label: 'phu!',
  timestamp: '2023-06-14T18:28:39.077Z'
}
{
  message: 'Database connect successfully ',
  level: 'info',
  label: 'phu!',
  timestamp: '2023-06-14T18:29:38.266Z'
}
{
  message: 'Example app listening on port 5000',
  level: 'info',
  label: 'phu!',
  timestamp: '2023-06-14T18:29:38.276Z'
}
{
  message: 'Database connect successfully ',
  level: 'info',
  label: 'phu!',
  timestamp: '2023-06-14T18:30:12.900Z'
}
{
  message: 'Example app listening on port 5000',
  level: 'info',
  label: 'phu!',
  timestamp: '2023-06-14T18:30:12.912Z'
}
{
  message: 'Database connect successfully ',
  level: 'info',
  label: 'phu!',
  timestamp: '2023-06-14T18:37:56.116Z'
}
{
  message: 'Example app listening on port 5000',
  level: 'info',
  label: 'phu!',
  timestamp: '2023-06-14T18:37:56.128Z'
}
{
  message: 'Database connect successfully ',
  level: 'info',
  label: 'phu!',
  timestamp: '2023-06-14T18:38:21.757Z'
}
{
  message: 'Example app listening on port 5000',
  level: 'info',
  label: 'phu!',
  timestamp: '2023-06-14T18:38:21.770Z'
}
{
  message: 'Database connect successfully ',
  level: 'info',
  label: 'phu!',
  timestamp: '2023-06-14T18:41:24.971Z'
}
{
  message: 'Example app listening on port 5000',
  level: 'info',
  label: 'phu!',
  timestamp: '2023-06-14T18:41:24.984Z'
}
{
  message: 'Database connect successfully ',
  level: 'info',
  label: 'phu!',
  timestamp: '2023-06-14T18:43:06.008Z'
}
{
  message: 'Example app listening on port 5000',
  level: 'info',
  label: 'phu!',
  timestamp: '2023-06-14T18:43:06.019Z'
}
{
  message: 'Database connect successfully ',
  level: 'info',
  label: 'phu!',
  timestamp: '2023-06-14T18:54:05.533Z'
}
{
  message: 'Example app listening on port 5000',
  level: 'info',
  label: 'phu!',
  timestamp: '2023-06-14T18:54:05.543Z'
}
{
  message: 'Database connect successfully ',
  level: 'info',
  label: 'phu!',
  timestamp: '2023-06-14T18:54:45.242Z'
}
{
  message: 'Example app listening on port 5000',
  level: 'info',
  label: 'phu!',
  timestamp: '2023-06-14T18:54:45.256Z'
}
{
  message: 'Database connect successfully ',
  level: 'info',
  label: 'phu!',
  timestamp: '2023-06-14T18:55:26.845Z'
}
{
  message: 'Example app listening on port 5000',
  level: 'info',
  label: 'phu!',
  timestamp: '2023-06-14T18:55:26.857Z'
}
{
  message: 'Database connect successfully ',
  level: 'info',
  label: 'phu!',
  timestamp: '2023-06-14T18:56:30.012Z'
}
{
  message: 'Example app listening on port 5000',
  level: 'info',
  label: 'phu!',
  timestamp: '2023-06-14T18:56:30.023Z'
}
{
  message: 'Database connect successfully ',
  level: 'info',
  label: 'phu!',
  timestamp: '2023-06-14T18:58:55.609Z'
}
{
  message: 'Example app listening on port 5000',
  level: 'info',
  label: 'phu!',
  timestamp: '2023-06-14T18:58:55.622Z'
}
{
  message: 'Database connect successfully ',
  level: 'info',
  label: 'phu!',
  timestamp: '2023-06-14T18:59:27.557Z'
}
{
  message: 'Example app listening on port 5000',
  level: 'info',
  label: 'phu!',
  timestamp: '2023-06-14T18:59:27.567Z'
}
